Sun Aug 06 2017 13:31:49 GMT-0400 (EDT): GET /
Sun Aug 06 2017 13:34:02 GMT-0400 (EDT): GET /
Sun Aug 06 2017 14:34:44 GMT-0400 (EDT): GET /
Sun Aug 06 2017 14:34:45 GMT-0400 (EDT): GET /
Sun Aug 06 2017 14:34:47 GMT-0400 (EDT): GET /
Sun Aug 06 2017 14:36:52 GMT-0400 (EDT): GET /
Sun Aug 06 2017 14:36:53 GMT-0400 (EDT): GET /
Sun Aug 06 2017 14:36:54 GMT-0400 (EDT): GET /
Sun Aug 06 2017 14:36:55 GMT-0400 (EDT): GET /
Sun Aug 06 2017 14:36:59 GMT-0400 (EDT): GET /
Sun Aug 06 2017 14:36:59 GMT-0400 (EDT): GET /
Sun Aug 06 2017 14:37:00 GMT-0400 (EDT): GET /
Sun Aug 06 2017 14:49:15 GMT-0400 (EDT): GET /
Sun Aug 06 2017 14:49:18 GMT-0400 (EDT): GET /
Sun Aug 06 2017 14:49:33 GMT-0400 (EDT): GET /
Sun Aug 06 2017 14:50:00 GMT-0400 (EDT): GET /
Mon Aug 07 2017 07:45:04 GMT-0400 (EDT): GET /about
Mon Aug 07 2017 07:45:05 GMT-0400 (EDT): GET /
Mon Aug 07 2017 08:09:36 GMT-0400 (EDT): GET /
Mon Aug 07 2017 08:09:36 GMT-0400 (EDT): GET /apple-touch-icon-precomposed.png
Mon Aug 07 2017 08:09:37 GMT-0400 (EDT): GET /apple-touch-icon.png
Mon Aug 07 2017 08:09:37 GMT-0400 (EDT): GET /favicon.ico
Mon Aug 07 2017 08:09:37 GMT-0400 (EDT): GET /apple-touch-icon-precomposed.png
Mon Aug 07 2017 08:09:37 GMT-0400 (EDT): GET /apple-touch-icon.png
Mon Aug 07 2017 08:09:37 GMT-0400 (EDT): GET /favicon.ico
Mon Aug 07 2017 08:09:37 GMT-0400 (EDT): GET /
Mon Aug 07 2017 08:09:37 GMT-0400 (EDT): GET /apple-touch-icon-precomposed.png
Mon Aug 07 2017 08:09:37 GMT-0400 (EDT): GET /apple-touch-icon.png
Mon Aug 07 2017 08:09:37 GMT-0400 (EDT): GET /favicon.ico
Mon Aug 07 2017 08:09:37 GMT-0400 (EDT): GET /apple-touch-icon-precomposed.png
Mon Aug 07 2017 08:09:37 GMT-0400 (EDT): GET /apple-touch-icon.png
Mon Aug 07 2017 08:09:37 GMT-0400 (EDT): GET /favicon.ico
Mon Aug 07 2017 09:29:39 GMT-0400 (EDT): GET /
Mon Aug 07 2017 09:29:39 GMT-0400 (EDT): GET /apple-touch-icon-precomposed.png
Mon Aug 07 2017 09:29:39 GMT-0400 (EDT): GET /apple-touch-icon.png
Mon Aug 07 2017 09:29:39 GMT-0400 (EDT): GET /favicon.ico
Mon Aug 07 2017 09:29:39 GMT-0400 (EDT): GET /apple-touch-icon-precomposed.png
Mon Aug 07 2017 09:29:39 GMT-0400 (EDT): GET /apple-touch-icon.png
Mon Aug 07 2017 09:29:39 GMT-0400 (EDT): GET /favicon.ico
Mon Aug 07 2017 09:29:39 GMT-0400 (EDT): GET /
Mon Aug 07 2017 09:29:39 GMT-0400 (EDT): GET /apple-touch-icon-precomposed.png
Mon Aug 07 2017 09:29:39 GMT-0400 (EDT): GET /apple-touch-icon.png
Mon Aug 07 2017 09:29:39 GMT-0400 (EDT): GET /favicon.ico
Mon Aug 07 2017 09:29:39 GMT-0400 (EDT): GET /apple-touch-icon-precomposed.png
Mon Aug 07 2017 09:29:39 GMT-0400 (EDT): GET /apple-touch-icon.png
Mon Aug 07 2017 09:29:39 GMT-0400 (EDT): GET /favicon.ico
Mon Aug 07 2017 10:33:11 GMT-0400 (EDT): GET /
Mon Aug 07 2017 10:33:11 GMT-0400 (EDT): GET /apple-touch-icon-precomposed.png
Mon Aug 07 2017 10:33:11 GMT-0400 (EDT): GET /apple-touch-icon.png
Mon Aug 07 2017 10:33:11 GMT-0400 (EDT): GET /favicon.ico
Mon Aug 07 2017 10:33:11 GMT-0400 (EDT): GET /apple-touch-icon-precomposed.png
Mon Aug 07 2017 10:33:11 GMT-0400 (EDT): GET /apple-touch-icon.png
Mon Aug 07 2017 10:33:11 GMT-0400 (EDT): GET /favicon.ico
Mon Aug 07 2017 10:33:11 GMT-0400 (EDT): GET /
Mon Aug 07 2017 10:33:11 GMT-0400 (EDT): GET /apple-touch-icon-precomposed.png
Mon Aug 07 2017 10:33:11 GMT-0400 (EDT): GET /apple-touch-icon.png
Mon Aug 07 2017 10:33:11 GMT-0400 (EDT): GET /favicon.ico
Mon Aug 07 2017 10:33:11 GMT-0400 (EDT): GET /apple-touch-icon-precomposed.png
Mon Aug 07 2017 10:33:11 GMT-0400 (EDT): GET /apple-touch-icon.png
Mon Aug 07 2017 10:33:11 GMT-0400 (EDT): GET /favicon.ico
Mon Aug 07 2017 13:41:52 GMT-0400 (EDT): GET /
Mon Aug 07 2017 13:41:54 GMT-0400 (EDT): GET /about
Mon Aug 07 2017 13:41:55 GMT-0400 (EDT): GET /
Mon Aug 07 2017 14:40:35 GMT-0400 (EDT): GET /
Mon Aug 07 2017 14:40:38 GMT-0400 (EDT): GET /
Mon Aug 07 2017 14:40:39 GMT-0400 (EDT): GET /
Mon Aug 07 2017 14:40:39 GMT-0400 (EDT): GET /
Mon Aug 07 2017 14:40:53 GMT-0400 (EDT): GET /
Mon Aug 07 2017 14:40:55 GMT-0400 (EDT): GET /projects
Mon Aug 07 2017 14:40:58 GMT-0400 (EDT): GET /about
Mon Aug 07 2017 14:40:59 GMT-0400 (EDT): GET /projects
Mon Aug 07 2017 14:41:02 GMT-0400 (EDT): GET /about
Mon Aug 07 2017 14:41:03 GMT-0400 (EDT): GET /
Mon Aug 07 2017 18:40:48 GMT-0400 (EDT): GET /
Mon Aug 07 2017 18:40:48 GMT-0400 (EDT): GET /apple-touch-icon-precomposed.png
Mon Aug 07 2017 18:40:48 GMT-0400 (EDT): GET /apple-touch-icon.png
Mon Aug 07 2017 18:40:48 GMT-0400 (EDT): GET /favicon.ico
Mon Aug 07 2017 18:40:48 GMT-0400 (EDT): GET /apple-touch-icon-precomposed.png
Mon Aug 07 2017 18:40:48 GMT-0400 (EDT): GET /apple-touch-icon.png
Mon Aug 07 2017 18:40:48 GMT-0400 (EDT): GET /favicon.ico
Mon Aug 07 2017 18:40:48 GMT-0400 (EDT): GET /
Mon Aug 07 2017 18:40:48 GMT-0400 (EDT): GET /apple-touch-icon-precomposed.png
Mon Aug 07 2017 18:40:48 GMT-0400 (EDT): GET /apple-touch-icon.png
Mon Aug 07 2017 18:40:48 GMT-0400 (EDT): GET /favicon.ico
Mon Aug 07 2017 18:40:48 GMT-0400 (EDT): GET /apple-touch-icon-precomposed.png
Mon Aug 07 2017 18:40:48 GMT-0400 (EDT): GET /apple-touch-icon.png
Mon Aug 07 2017 18:40:48 GMT-0400 (EDT): GET /favicon.ico
Tue Aug 08 2017 10:04:44 GMT-0400 (EDT): GET /
Tue Aug 08 2017 10:04:44 GMT-0400 (EDT): GET /apple-touch-icon-precomposed.png
Tue Aug 08 2017 10:04:44 GMT-0400 (EDT): GET /apple-touch-icon.png
Tue Aug 08 2017 10:04:44 GMT-0400 (EDT): GET /favicon.ico
Tue Aug 08 2017 10:04:44 GMT-0400 (EDT): GET /apple-touch-icon-precomposed.png
Tue Aug 08 2017 10:04:44 GMT-0400 (EDT): GET /apple-touch-icon.png
Tue Aug 08 2017 10:04:44 GMT-0400 (EDT): GET /favicon.ico
Tue Aug 08 2017 10:04:44 GMT-0400 (EDT): GET /
Tue Aug 08 2017 10:04:44 GMT-0400 (EDT): GET /apple-touch-icon-precomposed.png
Tue Aug 08 2017 10:04:44 GMT-0400 (EDT): GET /apple-touch-icon.png
Tue Aug 08 2017 10:04:44 GMT-0400 (EDT): GET /favicon.ico
Tue Aug 08 2017 10:04:44 GMT-0400 (EDT): GET /apple-touch-icon-precomposed.png
Tue Aug 08 2017 10:04:44 GMT-0400 (EDT): GET /apple-touch-icon.png
Tue Aug 08 2017 10:04:44 GMT-0400 (EDT): GET /favicon.ico
Tue Aug 08 2017 11:41:24 GMT-0400 (EDT): GET /
Tue Aug 08 2017 11:41:24 GMT-0400 (EDT): GET /apple-touch-icon-precomposed.png
Tue Aug 08 2017 11:41:24 GMT-0400 (EDT): GET /apple-touch-icon.png
Tue Aug 08 2017 11:41:24 GMT-0400 (EDT): GET /favicon.ico
Tue Aug 08 2017 11:41:24 GMT-0400 (EDT): GET /apple-touch-icon-precomposed.png
Tue Aug 08 2017 11:41:24 GMT-0400 (EDT): GET /apple-touch-icon.png
Tue Aug 08 2017 11:41:24 GMT-0400 (EDT): GET /favicon.ico
Tue Aug 08 2017 11:41:24 GMT-0400 (EDT): GET /
Tue Aug 08 2017 11:41:24 GMT-0400 (EDT): GET /apple-touch-icon-precomposed.png
Tue Aug 08 2017 11:41:24 GMT-0400 (EDT): GET /apple-touch-icon.png
Tue Aug 08 2017 11:41:24 GMT-0400 (EDT): GET /favicon.ico
Tue Aug 08 2017 11:41:24 GMT-0400 (EDT): GET /apple-touch-icon-precomposed.png
Tue Aug 08 2017 11:41:24 GMT-0400 (EDT): GET /apple-touch-icon.png
Tue Aug 08 2017 11:41:24 GMT-0400 (EDT): GET /favicon.ico
Tue Aug 08 2017 13:53:45 GMT-0400 (EDT): GET /
Tue Aug 08 2017 13:53:45 GMT-0400 (EDT): GET /apple-touch-icon-precomposed.png
Tue Aug 08 2017 13:53:45 GMT-0400 (EDT): GET /apple-touch-icon.png
Tue Aug 08 2017 13:53:45 GMT-0400 (EDT): GET /favicon.ico
Tue Aug 08 2017 13:53:45 GMT-0400 (EDT): GET /apple-touch-icon-precomposed.png
Tue Aug 08 2017 13:53:45 GMT-0400 (EDT): GET /apple-touch-icon.png
Tue Aug 08 2017 13:53:45 GMT-0400 (EDT): GET /favicon.ico
Tue Aug 08 2017 13:53:45 GMT-0400 (EDT): GET /
Tue Aug 08 2017 13:53:45 GMT-0400 (EDT): GET /apple-touch-icon-precomposed.png
Tue Aug 08 2017 13:53:45 GMT-0400 (EDT): GET /apple-touch-icon.png
Tue Aug 08 2017 13:53:45 GMT-0400 (EDT): GET /favicon.ico
Tue Aug 08 2017 13:53:45 GMT-0400 (EDT): GET /apple-touch-icon-precomposed.png
Tue Aug 08 2017 13:53:45 GMT-0400 (EDT): GET /apple-touch-icon.png
Tue Aug 08 2017 13:53:45 GMT-0400 (EDT): GET /favicon.ico
Tue Aug 08 2017 16:56:09 GMT-0400 (EDT): GET /
Tue Aug 08 2017 16:56:09 GMT-0400 (EDT): GET /apple-touch-icon-precomposed.png
Tue Aug 08 2017 16:56:09 GMT-0400 (EDT): GET /apple-touch-icon.png
Tue Aug 08 2017 16:56:09 GMT-0400 (EDT): GET /favicon.ico
Tue Aug 08 2017 16:56:09 GMT-0400 (EDT): GET /apple-touch-icon-precomposed.png
Tue Aug 08 2017 16:56:09 GMT-0400 (EDT): GET /apple-touch-icon.png
Tue Aug 08 2017 16:56:09 GMT-0400 (EDT): GET /favicon.ico
Tue Aug 08 2017 16:56:09 GMT-0400 (EDT): GET /
Tue Aug 08 2017 16:56:09 GMT-0400 (EDT): GET /apple-touch-icon-precomposed.png
Tue Aug 08 2017 16:56:09 GMT-0400 (EDT): GET /apple-touch-icon.png
Tue Aug 08 2017 16:56:09 GMT-0400 (EDT): GET /favicon.ico
Tue Aug 08 2017 16:56:09 GMT-0400 (EDT): GET /apple-touch-icon-precomposed.png
Tue Aug 08 2017 16:56:09 GMT-0400 (EDT): GET /apple-touch-icon.png
Tue Aug 08 2017 16:56:09 GMT-0400 (EDT): GET /favicon.ico
Fri Aug 11 2017 10:21:20 GMT-0400 (EDT): GET /
Fri Aug 11 2017 10:21:59 GMT-0400 (EDT): GET /about
Fri Aug 11 2017 10:22:01 GMT-0400 (EDT): GET /projects
Fri Aug 11 2017 10:28:42 GMT-0400 (EDT): GET /projects
Fri Aug 11 2017 10:28:47 GMT-0400 (EDT): GET /
Fri Aug 11 2017 10:29:57 GMT-0400 (EDT): GET / undefined
Fri Aug 11 2017 10:29:59 GMT-0400 (EDT): GET /about undefined
Fri Aug 11 2017 10:30:02 GMT-0400 (EDT): GET / undefined
Fri Aug 11 2017 10:34:07 GMT-0400 (EDT): GET / 
Fri Aug 11 2017 10:34:08 GMT-0400 (EDT): GET /favicon.ico 
Fri Aug 11 2017 10:34:08 GMT-0400 (EDT): GET /apple-touch-icon-precomposed.png 
Fri Aug 11 2017 10:34:08 GMT-0400 (EDT): GET /apple-touch-icon.png 
